<?xml version="1.0" encoding="UTF-8"?>
<!-- Generated by org.testng.reporters.JUnitReportReporter -->
<testsuite hostname="DESKTOP-3E4NG4G" failures="0" tests="3" name="testNGPkg.TestMethodClass1" time="0.007" errors="0" timestamp="25 Jul 2021 00:54:03 GMT" skipped="0">
  <testcase classname="testNGPkg.TestMethodClass1" name="testMethod2" time="0.003"/>
  <testcase classname="testNGPkg.TestMethodClass1" name="testMethod1" time="0.003"/>
  <testcase classname="testNGPkg.TestMethodClass1" name="testMethod3" time="0.001"/>
</testsuite> <!-- testNGPkg.TestMethodClass1 -->
