<?xml version="1.0" encoding="UTF-8"?>
<!-- Generated by org.testng.reporters.JUnitReportReporter -->
<testsuite hostname="DESKTOP-3E4NG4G" failures="0" tests="1" name="testNGPkg.BeforeAfterAnnotationPgm" time="0.027" errors="0" timestamp="22 Jul 2021 22:12:04 GMT" skipped="0">
  <testcase classname="testNGPkg.BeforeAfterAnnotationPgm" name="testMethod" time="0.027"/>
</testsuite> <!-- testNGPkg.BeforeAfterAnnotationPgm -->
