<?xml version="1.0" encoding="UTF-8"?>
<!-- Generated by org.testng.reporters.JUnitReportReporter -->
<testsuite hostname="DESKTOP-3E4NG4G" failures="0" tests="3" name="testNGPkg.TestMethodClass2" time="0.017" errors="0" timestamp="22 Jul 2021 22:17:22 GMT" skipped="0">
  <testcase classname="testNGPkg.TestMethodClass2" name="testMethod5" time="0.004"/>
  <testcase classname="testNGPkg.TestMethodClass2" name="testMethod4" time="0.010"/>
  <testcase classname="testNGPkg.TestMethodClass2" name="testMethod6" time="0.003"/>
</testsuite> <!-- testNGPkg.TestMethodClass2 -->
