<?xml version="1.0" encoding="UTF-8"?>
<!-- Generated by org.testng.reporters.JUnitReportReporter -->
<testsuite hostname="DESKTOP-3E4NG4G" failures="0" tests="1" name="testNGPkg.SimpleAnnotation" time="0.005" errors="0" timestamp="25 Jul 2021 00:54:03 GMT" skipped="0">
  <testcase classname="testNGPkg.SimpleAnnotation" name="testMethod" time="0.005"/>
</testsuite> <!-- testNGPkg.SimpleAnnotation -->
